<?xml version="1.0" encoding="UTF-8"?>
<coverage generated="1636591653003" clover="3.2.0">
  <project timestamp="1636591653003" name="All files">
    <metrics statements="48" coveredstatements="31" conditionals="16" coveredconditionals="15" methods="16" coveredmethods="7" elements="80" coveredelements="53" complexity="0" loc="48" ncloc="48" packages="2" files="9" classes="9"/>
    <package name="PrepPal">
      <metrics statements="16" coveredstatements="0" conditionals="0" coveredconditionals="0" methods="8" coveredmethods="0"/>
      <file name="App.js" path="C:\Users\audre\OneDrive\College\Fall_2021\CSDS393\PrepPal\App.js">
        <metrics statements="2" coveredstatements="0" conditionals="0" coveredconditionals="0" methods="1" coveredmethods="0"/>
        <line num="7" count="0" type="stmt"/>
        <line num="12" count="0" type="stmt"/>
      </file>
      <file name="scrapers.js" path="C:\Users\audre\OneDrive\College\Fall_2021\CSDS393\PrepPal\scrapers.js">
        <metrics statements="11" coveredstatements="0" conditionals="0" coveredconditionals="0" methods="5" coveredmethods="0"/>
        <line num="1" count="0" type="stmt"/>
        <line num="3" count="0" type="stmt"/>
        <line num="4" count="0" type="stmt"/>
        <line num="9" count="0" type="stmt"/>
        <line num="10" count="0" type="stmt"/>
        <line num="11" count="0" type="stmt"/>
        <line num="15" count="0" type="stmt"/>
        <line num="16" count="0" type="stmt"/>
        <line num="19" count="0" type="stmt"/>
        <line num="20" count="0" type="stmt"/>
        <line num="26" count="0" type="stmt"/>
      </file>
      <file name="server.js" path="C:\Users\audre\OneDrive\College\Fall_2021\CSDS393\PrepPal\server.js">
        <metrics statements="3" coveredstatements="0" conditionals="0" coveredconditionals="0" methods="2" coveredmethods="0"/>
        <line num="1" count="0" type="stmt"/>
        <line num="3" count="0" type="stmt"/>
        <line num="6" count="0" type="stmt"/>
      </file>
    </package>
    <package name="PrepPal.app.components">
      <metrics statements="32" coveredstatements="31" conditionals="16" coveredconditionals="15" methods="8" coveredmethods="7"/>
      <file name="Container.js" path="C:\Users\audre\OneDrive\College\Fall_2021\CSDS393\PrepPal\app\components\Container.js">
        <metrics statements="18" coveredstatements="18" conditionals="16" coveredconditionals="15" methods="3" coveredmethods="3"/>
        <line num="15" count="1" type="stmt"/>
        <line num="16" count="1" type="stmt"/>
        <line num="17" count="1" type="stmt"/>
        <line num="18" count="1" type="stmt"/>
        <line num="20" count="1" type="stmt"/>
        <line num="23" count="1" type="stmt"/>
        <line num="24" count="1" type="stmt"/>
        <line num="28" count="4" type="stmt"/>
        <line num="31" count="8" type="stmt"/>
        <line num="33" count="8" type="cond" truecount="2" falsecount="0"/>
        <line num="34" count="2" type="cond" truecount="2" falsecount="0"/>
        <line num="36" count="6" type="cond" truecount="2" falsecount="0"/>
        <line num="37" count="2" type="cond" truecount="2" falsecount="0"/>
        <line num="39" count="4" type="cond" truecount="2" falsecount="0"/>
        <line num="40" count="2" type="cond" truecount="2" falsecount="0"/>
        <line num="42" count="2" type="cond" truecount="1" falsecount="1"/>
        <line num="43" count="2" type="cond" truecount="2" falsecount="0"/>
        <line num="48" count="8" type="stmt"/>
      </file>
      <file name="HomeTab.js" path="C:\Users\audre\OneDrive\College\Fall_2021\CSDS393\PrepPal\app\components\HomeTab.js">
        <metrics statements="7" coveredstatements="6" conditionals="0" coveredconditionals="0" methods="2" coveredmethods="1"/>
        <line num="5" count="2" type="stmt"/>
        <line num="6" count="2" type="stmt"/>
        <line num="7" count="2" type="stmt"/>
        <line num="8" count="2" type="stmt"/>
        <line num="9" count="2" type="stmt"/>
        <line num="16" count="0" type="stmt"/>
        <line num="22" count="2" type="stmt"/>
      </file>
      <file name="ProfileTab.js" path="C:\Users\audre\OneDrive\College\Fall_2021\CSDS393\PrepPal\app\components\ProfileTab.js">
        <metrics statements="0" coveredstatements="0" conditionals="0" coveredconditionals="0" methods="0" coveredmethods="0"/>
      </file>
      <file name="SavedRecipesTab.js" path="C:\Users\audre\OneDrive\College\Fall_2021\CSDS393\PrepPal\app\components\SavedRecipesTab.js">
        <metrics statements="2" coveredstatements="2" conditionals="0" coveredconditionals="0" methods="1" coveredmethods="1"/>
        <line num="6" count="1" type="stmt"/>
        <line num="33" count="2" type="stmt"/>
      </file>
      <file name="SearchTab.js" path="C:\Users\audre\OneDrive\College\Fall_2021\CSDS393\PrepPal\app\components\SearchTab.js">
        <metrics statements="4" coveredstatements="4" conditionals="0" coveredconditionals="0" methods="1" coveredmethods="1"/>
        <line num="6" count="2" type="stmt"/>
        <line num="7" count="2" type="stmt"/>
        <line num="10" count="1" type="stmt"/>
        <line num="31" count="2" type="stmt"/>
      </file>
      <file name="UserGuideTab.js" path="C:\Users\audre\OneDrive\College\Fall_2021\CSDS393\PrepPal\app\components\UserGuideTab.js">
        <metrics statements="1" coveredstatements="1" conditionals="0" coveredconditionals="0" methods="1" coveredmethods="1"/>
        <line num="5" count="1" type="stmt"/>
      </file>
    </package>
  </project>
</coverage>
