{"C:\\Users\\audre\\OneDrive\\College\\Fall_2021\\CSDS393\\PrepPal\\App.js": {"path":"C:\\Users\\audre\\OneDrive\\College\\Fall_2021\\CSDS393\\PrepPal\\App.js","statementMap":{"0":{"start":{"line":17,"column":23},"end":{"line":25,"column":1}},"1":{"start":{"line":28,"column":12},"end":{"line":28,"column":41}},"2":{"start":{"line":32,"column":28},"end":{"line":35,"column":4}},"3":{"start":{"line":33,"column":25},"end":{"line":33,"column":33}},"4":{"start":{"line":34,"column":4},"end":{"line":34,"column":24}},"5":{"start":{"line":38,"column":22},"end":{"line":38,"column":31}},"6":{"start":{"line":41,"column":2},"end":{"line":50,"column":3}},"7":{"start":{"line":42,"column":4},"end":{"line":42,"column":34}},"8":{"start":{"line":43,"column":4},"end":{"line":45,"column":5}},"9":{"start":{"line":47,"column":4},"end":{"line":49,"column":5}},"10":{"start":{"line":54,"column":15},"end":{"line":61,"column":2}}},"fnMap":{"0":{"name":"App","decl":{"start":{"line":30,"column":9},"end":{"line":30,"column":12}},"loc":{"start":{"line":30,"column":15},"end":{"line":52,"column":1}},"line":30},"1":{"name":"(anonymous_1)","decl":{"start":{"line":32,"column":43},"end":{"line":32,"column":44}},"loc":{"start":{"line":32,"column":49},"end":{"line":35,"column":3}},"line":32}},"branchMap":{"0":{"loc":{"start":{"line":41,"column":2},"end":{"line":50,"column":3}},"type":"if","locations":[{"start":{"line":41,"column":2},"end":{"line":50,"column":3}},{"start":{"line":46,"column":9},"end":{"line":50,"column":3}}],"line":41}},"s":{"0":0,"1":0,"2":0,"3":0,"4":0,"5":0,"6":0,"7":0,"8":0,"9":0,"10":0},"f":{"0":0,"1":0},"b":{"0":[0,0]}}
,"C:\\Users\\audre\\OneDrive\\College\\Fall_2021\\CSDS393\\PrepPal\\scrapers.js": {"path":"C:\\Users\\audre\\OneDrive\\College\\Fall_2021\\CSDS393\\PrepPal\\scrapers.js","statementMap":{"0":{"start":{"line":1,"column":20},"end":{"line":1,"column":48}},"1":{"start":{"line":3,"column":0},"end":{"line":21,"column":5}},"2":{"start":{"line":4,"column":20},"end":{"line":7,"column":6}},"3":{"start":{"line":9,"column":4},"end":{"line":13,"column":7}},"4":{"start":{"line":10,"column":8},"end":{"line":10,"column":29}},"5":{"start":{"line":11,"column":23},"end":{"line":11,"column":46}},"6":{"start":{"line":15,"column":4},"end":{"line":15,"column":44}},"7":{"start":{"line":16,"column":4},"end":{"line":16,"column":47}},"8":{"start":{"line":19,"column":4},"end":{"line":19,"column":25}},"9":{"start":{"line":20,"column":4},"end":{"line":20,"column":26}},"10":{"start":{"line":26,"column":8},"end":{"line":26,"column":38}}},"fnMap":{"0":{"name":"(anonymous_0)","decl":{"start":{"line":3,"column":1},"end":{"line":3,"column":2}},"loc":{"start":{"line":3,"column":13},"end":{"line":21,"column":1}},"line":3},"1":{"name":"(anonymous_1)","decl":{"start":{"line":9,"column":23},"end":{"line":9,"column":24}},"loc":{"start":{"line":9,"column":54},"end":{"line":13,"column":5}},"line":9},"2":{"name":"(anonymous_2)","decl":{"start":{"line":25,"column":4},"end":{"line":25,"column":5}},"loc":{"start":{"line":25,"column":28},"end":{"line":27,"column":5}},"line":25},"3":{"name":"(anonymous_3)","decl":{"start":{"line":29,"column":4},"end":{"line":29,"column":5}},"loc":{"start":{"line":29,"column":19},"end":{"line":31,"column":5}},"line":29},"4":{"name":"(anonymous_4)","decl":{"start":{"line":33,"column":4},"end":{"line":33,"column":5}},"loc":{"start":{"line":33,"column":10},"end":{"line":36,"column":5}},"line":33}},"branchMap":{},"s":{"0":0,"1":0,"2":0,"3":0,"4":0,"5":0,"6":0,"7":0,"8":0,"9":0,"10":0},"f":{"0":0,"1":0,"2":0,"3":0,"4":0},"b":{}}
,"C:\\Users\\audre\\OneDrive\\College\\Fall_2021\\CSDS393\\PrepPal\\server.js": {"path":"C:\\Users\\audre\\OneDrive\\College\\Fall_2021\\CSDS393\\PrepPal\\server.js","statementMap":{"0":{"start":{"line":1,"column":17},"end":{"line":1,"column":36}},"1":{"start":{"line":3,"column":0},"end":{"line":3,"column":38}},"2":{"start":{"line":3,"column":20},"end":{"line":3,"column":36}},"3":{"start":{"line":6,"column":2},"end":{"line":6,"column":59}}},"fnMap":{"0":{"name":"(anonymous_0)","decl":{"start":{"line":3,"column":13},"end":{"line":3,"column":14}},"loc":{"start":{"line":3,"column":20},"end":{"line":3,"column":36}},"line":3},"1":{"name":"main","decl":{"start":{"line":5,"column":15},"end":{"line":5,"column":19}},"loc":{"start":{"line":5,"column":22},"end":{"line":7,"column":1}},"line":5}},"branchMap":{},"s":{"0":0,"1":0,"2":0,"3":0},"f":{"0":0,"1":0},"b":{}}
,"C:\\Users\\audre\\OneDrive\\College\\Fall_2021\\CSDS393\\PrepPal\\app\\firebaseApp.js": {"path":"C:\\Users\\audre\\OneDrive\\College\\Fall_2021\\CSDS393\\PrepPal\\app\\firebaseApp.js","statementMap":{"0":{"start":{"line":12,"column":23},"end":{"line":20,"column":1}},"1":{"start":{"line":23,"column":20},"end":{"line":23,"column":49}},"2":{"start":{"line":24,"column":13},"end":{"line":24,"column":33}},"3":{"start":{"line":25,"column":11},"end":{"line":25,"column":36}},"4":{"start":{"line":28,"column":4},"end":{"line":28,"column":61}},"5":{"start":{"line":32,"column":4},"end":{"line":32,"column":65}},"6":{"start":{"line":36,"column":2},"end":{"line":36,"column":22}},"7":{"start":{"line":40,"column":42},"end":{"line":40,"column":52}},"8":{"start":{"line":42,"column":2},"end":{"line":45,"column":8}},"9":{"start":{"line":43,"column":18},"end":{"line":43,"column":72}},"10":{"start":{"line":43,"column":51},"end":{"line":43,"column":71}},"11":{"start":{"line":44,"column":4},"end":{"line":44,"column":17}},"12":{"start":{"line":47,"column":2},"end":{"line":47,"column":21}}},"fnMap":{"0":{"name":"signIn","decl":{"start":{"line":27,"column":9},"end":{"line":27,"column":15}},"loc":{"start":{"line":27,"column":32},"end":{"line":29,"column":1}},"line":27},"1":{"name":"signUp","decl":{"start":{"line":31,"column":9},"end":{"line":31,"column":15}},"loc":{"start":{"line":31,"column":32},"end":{"line":33,"column":1}},"line":31},"2":{"name":"logout","decl":{"start":{"line":35,"column":9},"end":{"line":35,"column":15}},"loc":{"start":{"line":35,"column":17},"end":{"line":37,"column":1}},"line":35},"3":{"name":"useAuth","decl":{"start":{"line":39,"column":9},"end":{"line":39,"column":16}},"loc":{"start":{"line":39,"column":19},"end":{"line":48,"column":1}},"line":39},"4":{"name":"(anonymous_4)","decl":{"start":{"line":42,"column":12},"end":{"line":42,"column":13}},"loc":{"start":{"line":42,"column":18},"end":{"line":45,"column":3}},"line":42},"5":{"name":"(anonymous_5)","decl":{"start":{"line":43,"column":43},"end":{"line":43,"column":44}},"loc":{"start":{"line":43,"column":51},"end":{"line":43,"column":71}},"line":43}},"branchMap":{},"s":{"0":1,"1":1,"2":1,"3":1,"4":0,"5":0,"6":0,"7":0,"8":0,"9":0,"10":0,"11":0,"12":0},"f":{"0":0,"1":0,"2":0,"3":0,"4":0,"5":0},"b":{},"_coverageSchema":"1a1c01bbd47fc00a2c39e90264f33305004495a9","hash":"485e5d0f0f533b351bd99b71037f9218e0c4beb8"}
,"C:\\Users\\audre\\OneDrive\\College\\Fall_2021\\CSDS393\\PrepPal\\app\\components\\Container.js": {"path":"C:\\Users\\audre\\OneDrive\\College\\Fall_2021\\CSDS393\\PrepPal\\app\\components\\Container.js","statementMap":{"0":{"start":{"line":18,"column":17},"end":{"line":18,"column":23}},"1":{"start":{"line":19,"column":25},"end":{"line":19,"column":40}},"2":{"start":{"line":20,"column":22},"end":{"line":20,"column":39}},"3":{"start":{"line":21,"column":22},"end":{"line":21,"column":34}},"4":{"start":{"line":23,"column":12},"end":{"line":23,"column":38}},"5":{"start":{"line":26,"column":18},"end":{"line":65,"column":1}},"6":{"start":{"line":28,"column":4},"end":{"line":64,"column":6}},"7":{"start":{"line":32,"column":47},"end":{"line":54,"column":17}},"8":{"start":{"line":35,"column":33},"end":{"line":35,"column":43}},"9":{"start":{"line":37,"column":24},"end":{"line":49,"column":25}},"10":{"start":{"line":38,"column":28},"end":{"line":38,"column":73}},"11":{"start":{"line":40,"column":31},"end":{"line":49,"column":25}},"12":{"start":{"line":41,"column":28},"end":{"line":41,"column":73}},"13":{"start":{"line":43,"column":31},"end":{"line":49,"column":25}},"14":{"start":{"line":44,"column":28},"end":{"line":44,"column":77}},"15":{"start":{"line":46,"column":31},"end":{"line":49,"column":25}},"16":{"start":{"line":47,"column":28},"end":{"line":47,"column":73}},"17":{"start":{"line":52,"column":24},"end":{"line":52,"column":104}}},"fnMap":{"0":{"name":"(anonymous_0)","decl":{"start":{"line":26,"column":18},"end":{"line":26,"column":19}},"loc":{"start":{"line":26,"column":24},"end":{"line":65,"column":1}},"line":26},"1":{"name":"(anonymous_1)","decl":{"start":{"line":32,"column":31},"end":{"line":32,"column":32}},"loc":{"start":{"line":32,"column":47},"end":{"line":54,"column":17}},"line":32},"2":{"name":"(anonymous_2)","decl":{"start":{"line":33,"column":32},"end":{"line":33,"column":33}},"loc":{"start":{"line":33,"column":62},"end":{"line":53,"column":21}},"line":33}},"branchMap":{"0":{"loc":{"start":{"line":37,"column":24},"end":{"line":49,"column":25}},"type":"if","locations":[{"start":{"line":37,"column":24},"end":{"line":49,"column":25}},{"start":{"line":40,"column":31},"end":{"line":49,"column":25}}],"line":37},"1":{"loc":{"start":{"line":38,"column":39},"end":{"line":38,"column":72}},"type":"cond-expr","locations":[{"start":{"line":38,"column":49},"end":{"line":38,"column":55}},{"start":{"line":38,"column":58},"end":{"line":38,"column":72}}],"line":38},"2":{"loc":{"start":{"line":40,"column":31},"end":{"line":49,"column":25}},"type":"if","locations":[{"start":{"line":40,"column":31},"end":{"line":49,"column":25}},{"start":{"line":43,"column":31},"end":{"line":49,"column":25}}],"line":40},"3":{"loc":{"start":{"line":41,"column":39},"end":{"line":41,"column":72}},"type":"cond-expr","locations":[{"start":{"line":41,"column":49},"end":{"line":41,"column":55}},{"start":{"line":41,"column":58},"end":{"line":41,"column":72}}],"line":41},"4":{"loc":{"start":{"line":43,"column":31},"end":{"line":49,"column":25}},"type":"if","locations":[{"start":{"line":43,"column":31},"end":{"line":49,"column":25}},{"start":{"line":46,"column":31},"end":{"line":49,"column":25}}],"line":43},"5":{"loc":{"start":{"line":44,"column":39},"end":{"line":44,"column":76}},"type":"cond-expr","locations":[{"start":{"line":44,"column":49},"end":{"line":44,"column":57}},{"start":{"line":44,"column":60},"end":{"line":44,"column":76}}],"line":44},"6":{"loc":{"start":{"line":46,"column":31},"end":{"line":49,"column":25}},"type":"if","locations":[{"start":{"line":46,"column":31},"end":{"line":49,"column":25}},{"start":{},"end":{}}],"line":46},"7":{"loc":{"start":{"line":47,"column":39},"end":{"line":47,"column":72}},"type":"cond-expr","locations":[{"start":{"line":47,"column":49},"end":{"line":47,"column":55}},{"start":{"line":47,"column":58},"end":{"line":47,"column":72}}],"line":47}},"s":{"0":1,"1":1,"2":1,"3":1,"4":1,"5":1,"6":9,"7":68,"8":136,"9":136,"10":34,"11":102,"12":34,"13":68,"14":34,"15":34,"16":34,"17":136},"f":{"0":9,"1":68,"2":136},"b":{"0":[34,102],"1":[17,17],"2":[34,68],"3":[17,17],"4":[34,34],"5":[17,17],"6":[34,0],"7":[17,17]},"_coverageSchema":"1a1c01bbd47fc00a2c39e90264f33305004495a9","hash":"1d890f55afae4ec6c6b977e08b3f1b2bae33427b"}
,"C:\\Users\\audre\\OneDrive\\College\\Fall_2021\\CSDS393\\PrepPal\\app\\components\\HomeTab.js": {"path":"C:\\Users\\audre\\OneDrive\\College\\Fall_2021\\CSDS393\\PrepPal\\app\\components\\HomeTab.js","statementMap":{"0":{"start":{"line":5,"column":17},"end":{"line":5,"column":26}},"1":{"start":{"line":6,"column":20},"end":{"line":6,"column":37}},"2":{"start":{"line":7,"column":20},"end":{"line":7,"column":35}},"3":{"start":{"line":8,"column":20},"end":{"line":8,"column":44}},"4":{"start":{"line":9,"column":4},"end":{"line":19,"column":5}},"5":{"start":{"line":16,"column":27},"end":{"line":16,"column":63}},"6":{"start":{"line":22,"column":15},"end":{"line":53,"column":2}}},"fnMap":{"0":{"name":"HomeTab","decl":{"start":{"line":4,"column":24},"end":{"line":4,"column":31}},"loc":{"start":{"line":4,"column":45},"end":{"line":20,"column":1}},"line":4},"1":{"name":"(anonymous_1)","decl":{"start":{"line":16,"column":21},"end":{"line":16,"column":22}},"loc":{"start":{"line":16,"column":27},"end":{"line":16,"column":63}},"line":16}},"branchMap":{},"s":{"0":9,"1":9,"2":9,"3":9,"4":9,"5":0,"6":1},"f":{"0":9,"1":0},"b":{},"_coverageSchema":"1a1c01bbd47fc00a2c39e90264f33305004495a9","hash":"1f35c2d1afdf5dd2909a0549c51073fbbeb94e7d"}
,"C:\\Users\\audre\\OneDrive\\College\\Fall_2021\\CSDS393\\PrepPal\\app\\components\\Login.js": {"path":"C:\\Users\\audre\\OneDrive\\College\\Fall_2021\\CSDS393\\PrepPal\\app\\components\\Login.js","statementMap":{"0":{"start":{"line":8,"column":30},"end":{"line":8,"column":48}},"1":{"start":{"line":9,"column":36},"end":{"line":9,"column":54}},"2":{"start":{"line":12,"column":8},"end":{"line":17,"column":9}},"3":{"start":{"line":13,"column":12},"end":{"line":13,"column":41}},"4":{"start":{"line":16,"column":12},"end":{"line":16,"column":41}},"5":{"start":{"line":21,"column":8},"end":{"line":26,"column":9}},"6":{"start":{"line":22,"column":12},"end":{"line":22,"column":41}},"7":{"start":{"line":25,"column":12},"end":{"line":25,"column":41}},"8":{"start":{"line":29,"column":4},"end":{"line":46,"column":5}},"9":{"start":{"line":35,"column":39},"end":{"line":35,"column":54}},"10":{"start":{"line":41,"column":42},"end":{"line":41,"column":63}},"11":{"start":{"line":51,"column":15},"end":{"line":63,"column":2}}},"fnMap":{"0":{"name":"Login","decl":{"start":{"line":7,"column":24},"end":{"line":7,"column":29}},"loc":{"start":{"line":7,"column":46},"end":{"line":49,"column":1}},"line":7},"1":{"name":"handleSignUp","decl":{"start":{"line":11,"column":19},"end":{"line":11,"column":31}},"loc":{"start":{"line":11,"column":34},"end":{"line":18,"column":5}},"line":11},"2":{"name":"handleSignIn","decl":{"start":{"line":20,"column":19},"end":{"line":20,"column":31}},"loc":{"start":{"line":20,"column":34},"end":{"line":27,"column":5}},"line":20},"3":{"name":"(anonymous_3)","decl":{"start":{"line":35,"column":30},"end":{"line":35,"column":31}},"loc":{"start":{"line":35,"column":39},"end":{"line":35,"column":54}},"line":35},"4":{"name":"(anonymous_4)","decl":{"start":{"line":41,"column":30},"end":{"line":41,"column":31}},"loc":{"start":{"line":41,"column":42},"end":{"line":41,"column":63}},"line":41}},"branchMap":{},"s":{"0":0,"1":0,"2":0,"3":0,"4":0,"5":0,"6":0,"7":0,"8":0,"9":0,"10":0,"11":1},"f":{"0":0,"1":0,"2":0,"3":0,"4":0},"b":{},"_coverageSchema":"1a1c01bbd47fc00a2c39e90264f33305004495a9","hash":"57c7f1a013ada75f435ea2a01851c8db2692c945"}
,"C:\\Users\\audre\\OneDrive\\College\\Fall_2021\\CSDS393\\PrepPal\\app\\components\\ProfileTab.js": {"path":"C:\\Users\\audre\\OneDrive\\College\\Fall_2021\\CSDS393\\PrepPal\\app\\components\\ProfileTab.js","statementMap":{},"fnMap":{},"branchMap":{},"s":{},"f":{},"b":{}}
,"C:\\Users\\audre\\OneDrive\\College\\Fall_2021\\CSDS393\\PrepPal\\app\\components\\SavedRecipesTab.js": {"path":"C:\\Users\\audre\\OneDrive\\College\\Fall_2021\\CSDS393\\PrepPal\\app\\components\\SavedRecipesTab.js","statementMap":{"0":{"start":{"line":6,"column":4},"end":{"line":30,"column":6}},"1":{"start":{"line":33,"column":15},"end":{"line":46,"column":2}}},"fnMap":{"0":{"name":"SavedRecipesTab","decl":{"start":{"line":5,"column":9},"end":{"line":5,"column":24}},"loc":{"start":{"line":5,"column":32},"end":{"line":31,"column":1}},"line":5}},"branchMap":{},"s":{"0":3,"1":2},"f":{"0":3},"b":{},"_coverageSchema":"1a1c01bbd47fc00a2c39e90264f33305004495a9","hash":"1879021daec4380d41e3969eec9a37a3ff63e84c"}
,"C:\\Users\\audre\\OneDrive\\College\\Fall_2021\\CSDS393\\PrepPal\\app\\components\\SearchTab.js": {"path":"C:\\Users\\audre\\OneDrive\\College\\Fall_2021\\CSDS393\\PrepPal\\app\\components\\SearchTab.js","statementMap":{"0":{"start":{"line":6,"column":21},"end":{"line":6,"column":55}},"1":{"start":{"line":7,"column":34},"end":{"line":7,"column":47}},"2":{"start":{"line":10,"column":2},"end":{"line":28,"column":3}},"3":{"start":{"line":31,"column":15},"end":{"line":41,"column":2}}},"fnMap":{"0":{"name":"SearchTab","decl":{"start":{"line":9,"column":9},"end":{"line":9,"column":18}},"loc":{"start":{"line":9,"column":21},"end":{"line":29,"column":1}},"line":9}},"branchMap":{},"s":{"0":2,"1":2,"2":3,"3":2},"f":{"0":3},"b":{},"_coverageSchema":"1a1c01bbd47fc00a2c39e90264f33305004495a9","hash":"f1381dc9e81311800fa4fd76bf243e08ff999480"}
,"C:\\Users\\audre\\OneDrive\\College\\Fall_2021\\CSDS393\\PrepPal\\app\\components\\UserGuideTab.js": {"path":"C:\\Users\\audre\\OneDrive\\College\\Fall_2021\\CSDS393\\PrepPal\\app\\components\\UserGuideTab.js","statementMap":{"0":{"start":{"line":5,"column":2},"end":{"line":36,"column":3}}},"fnMap":{"0":{"name":"UserGuideTab","decl":{"start":{"line":4,"column":9},"end":{"line":4,"column":21}},"loc":{"start":{"line":4,"column":24},"end":{"line":37,"column":1}},"line":4}},"branchMap":{},"s":{"0":4},"f":{"0":4},"b":{},"_coverageSchema":"1a1c01bbd47fc00a2c39e90264f33305004495a9","hash":"c5d223a27d7cae67bde3818573372ac5372cdf5c"}
}
