TN:
SF:App.js
FN:30,App
FN:32,(anonymous_1)
FNF:2
FNH:0
FNDA:0,App
FNDA:0,(anonymous_1)
DA:17,0
DA:28,0
DA:32,0
DA:33,0
DA:34,0
DA:38,0
DA:41,0
DA:42,0
DA:43,0
DA:47,0
DA:54,0
LF:11
LH:0
BRDA:41,0,0,0
BRDA:41,0,1,0
BRF:2
BRH:0
end_of_record
TN:
SF:scrapers.js
FN:3,(anonymous_0)
FN:9,(anonymous_1)
FN:25,(anonymous_2)
FN:29,(anonymous_3)
FN:33,(anonymous_4)
FNF:5
FNH:0
FNDA:0,(anonymous_0)
FNDA:0,(anonymous_1)
FNDA:0,(anonymous_2)
FNDA:0,(anonymous_3)
FNDA:0,(anonymous_4)
DA:1,0
DA:3,0
DA:4,0
DA:9,0
DA:10,0
DA:11,0
DA:15,0
DA:16,0
DA:19,0
DA:20,0
DA:26,0
LF:11
LH:0
BRF:0
BRH:0
end_of_record
TN:
SF:server.js
FN:3,(anonymous_0)
FN:5,main
FNF:2
FNH:0
FNDA:0,(anonymous_0)
FNDA:0,main
DA:1,0
DA:3,0
DA:6,0
LF:3
LH:0
BRF:0
BRH:0
end_of_record
TN:
SF:app\firebaseApp.js
FN:27,signIn
FN:31,signUp
FN:35,logout
FN:39,useAuth
FN:42,(anonymous_4)
FN:43,(anonymous_5)
FNF:6
FNH:0
FNDA:0,signIn
FNDA:0,signUp
FNDA:0,logout
FNDA:0,useAuth
FNDA:0,(anonymous_4)
FNDA:0,(anonymous_5)
DA:12,1
DA:23,1
DA:24,1
DA:25,1
DA:28,0
DA:32,0
DA:36,0
DA:40,0
DA:42,0
DA:43,0
DA:44,0
DA:47,0
LF:12
LH:4
BRF:0
BRH:0
end_of_record
TN:
SF:app\components\Container.js
FN:26,(anonymous_0)
FN:32,(anonymous_1)
FN:33,(anonymous_2)
FNF:3
FNH:3
FNDA:5,(anonymous_0)
FNDA:32,(anonymous_1)
FNDA:64,(anonymous_2)
DA:18,1
DA:19,1
DA:20,1
DA:21,1
DA:23,1
DA:26,1
DA:28,5
DA:32,32
DA:35,64
DA:37,64
DA:38,16
DA:40,48
DA:41,16
DA:43,32
DA:44,16
DA:46,16
DA:47,16
DA:52,64
LF:18
LH:18
BRDA:37,0,0,16
BRDA:37,0,1,48
BRDA:38,1,0,8
BRDA:38,1,1,8
BRDA:40,2,0,16
BRDA:40,2,1,32
BRDA:41,3,0,8
BRDA:41,3,1,8
BRDA:43,4,0,16
BRDA:43,4,1,16
BRDA:44,5,0,8
BRDA:44,5,1,8
BRDA:46,6,0,16
BRDA:46,6,1,0
BRDA:47,7,0,8
BRDA:47,7,1,8
BRF:16
BRH:15
end_of_record
TN:
SF:app\components\HomeTab.js
FN:4,HomeTab
FN:16,(anonymous_1)
FNF:2
FNH:1
FNDA:6,HomeTab
FNDA:0,(anonymous_1)
DA:5,6
DA:6,6
DA:7,6
DA:8,6
DA:9,6
DA:16,0
DA:22,2
LF:7
LH:6
BRF:0
BRH:0
end_of_record
TN:
SF:app\components\Login.js
FN:7,Login
FN:11,handleSignUp
FN:20,handleSignIn
FN:35,(anonymous_3)
FN:41,(anonymous_4)
FNF:5
FNH:0
FNDA:0,Login
FNDA:0,handleSignUp
FNDA:0,handleSignIn
FNDA:0,(anonymous_3)
FNDA:0,(anonymous_4)
DA:8,0
DA:9,0
DA:12,0
DA:13,0
DA:16,0
DA:21,0
DA:22,0
DA:25,0
DA:29,0
DA:35,0
DA:41,0
DA:51,1
LF:12
LH:1
BRF:0
BRH:0
end_of_record
TN:
SF:app\components\ProfileTab.js
FNF:0
FNH:0
LF:0
LH:0
BRF:0
BRH:0
end_of_record
TN:
SF:app\components\SavedRecipesTab.js
FN:5,SavedRecipesTab
FNF:1
FNH:1
FNDA:2,SavedRecipesTab
DA:6,2
DA:33,2
LF:2
LH:2
BRF:0
BRH:0
end_of_record
TN:
SF:app\components\SearchTab.js
FN:9,SearchTab
FNF:1
FNH:1
FNDA:2,SearchTab
DA:6,2
DA:7,2
DA:10,2
DA:31,2
LF:4
LH:4
BRF:0
BRH:0
end_of_record
TN:
SF:app\components\UserGuideTab.js
FN:4,UserGuideTab
FNF:1
FNH:1
FNDA:2,UserGuideTab
DA:5,2
LF:1
LH:1
BRF:0
BRH:0
end_of_record
