TN:
SF:App.js
FN:6,App
FNF:1
FNH:0
FNDA:0,App
DA:7,0
DA:12,0
LF:2
LH:0
BRF:0
BRH:0
end_of_record
TN:
SF:scrapers.js
FN:3,(anonymous_0)
FN:9,(anonymous_1)
FN:25,(anonymous_2)
FN:29,(anonymous_3)
FN:33,(anonymous_4)
FNF:5
FNH:0
FNDA:0,(anonymous_0)
FNDA:0,(anonymous_1)
FNDA:0,(anonymous_2)
FNDA:0,(anonymous_3)
FNDA:0,(anonymous_4)
DA:1,0
DA:3,0
DA:4,0
DA:9,0
DA:10,0
DA:11,0
DA:15,0
DA:16,0
DA:19,0
DA:20,0
DA:26,0
LF:11
LH:0
BRF:0
BRH:0
end_of_record
TN:
SF:server.js
FN:3,(anonymous_0)
FN:5,main
FNF:2
FNH:0
FNDA:0,(anonymous_0)
FNDA:0,main
DA:1,0
DA:3,0
DA:6,0
LF:3
LH:0
BRF:0
BRH:0
end_of_record
TN:
SF:app\components\Container.js
FN:23,(anonymous_0)
FN:28,(anonymous_1)
FN:29,(anonymous_2)
FNF:3
FNH:3
FNDA:1,(anonymous_0)
FNDA:4,(anonymous_1)
FNDA:8,(anonymous_2)
DA:15,1
DA:16,1
DA:17,1
DA:18,1
DA:20,1
DA:23,1
DA:24,1
DA:28,4
DA:31,8
DA:33,8
DA:34,2
DA:36,6
DA:37,2
DA:39,4
DA:40,2
DA:42,2
DA:43,2
DA:48,8
LF:18
LH:18
BRDA:33,0,0,2
BRDA:33,0,1,6
BRDA:34,1,0,1
BRDA:34,1,1,1
BRDA:36,2,0,2
BRDA:36,2,1,4
BRDA:37,3,0,1
BRDA:37,3,1,1
BRDA:39,4,0,2
BRDA:39,4,1,2
BRDA:40,5,0,1
BRDA:40,5,1,1
BRDA:42,6,0,2
BRDA:42,6,1,0
BRDA:43,7,0,1
BRDA:43,7,1,1
BRF:16
BRH:15
end_of_record
TN:
SF:app\components\HomeTab.js
FN:4,HomeTab
FN:16,(anonymous_1)
FNF:2
FNH:1
FNDA:2,HomeTab
FNDA:0,(anonymous_1)
DA:5,2
DA:6,2
DA:7,2
DA:8,2
DA:9,2
DA:16,0
DA:22,2
LF:7
LH:6
BRF:0
BRH:0
end_of_record
TN:
SF:app\components\ProfileTab.js
FNF:0
FNH:0
LF:0
LH:0
BRF:0
BRH:0
end_of_record
TN:
SF:app\components\SavedRecipesTab.js
FN:5,SavedRecipesTab
FNF:1
FNH:1
FNDA:1,SavedRecipesTab
DA:6,1
DA:33,2
LF:2
LH:2
BRF:0
BRH:0
end_of_record
TN:
SF:app\components\SearchTab.js
FN:9,SearchTab
FNF:1
FNH:1
FNDA:1,SearchTab
DA:6,2
DA:7,2
DA:10,1
DA:31,2
LF:4
LH:4
BRF:0
BRH:0
end_of_record
TN:
SF:app\components\UserGuideTab.js
FN:4,UserGuideTab
FNF:1
FNH:1
FNDA:1,UserGuideTab
DA:5,1
LF:1
LH:1
BRF:0
BRH:0
end_of_record
